<?xml version="1.0" encoding="UTF-8"?>
<!-- Generated by org.testng.reporters.JUnitReportReporter -->
<testsuite hostname="seetha" name="com.bbc.runner.SignInAndCommentArticleRunner" tests="1" failures="0" timestamp="14 Jul 2018 22:28:25 GMT" time="109.277" errors="0">
  <testcase name="feature" time="109.277" classname="com.bbc.runner.SignInAndCommentArticleRunner"/>
</testsuite> <!-- com.bbc.runner.SignInAndCommentArticleRunner -->
