<?xml version="1.0" encoding="UTF-8"?>
<!-- Generated by org.testng.reporters.JUnitReportReporter -->
<testsuite hostname="seetha" name="com.bbc.runner.RegisterBBCRunner" tests="1" failures="0" timestamp="15 Jul 2018 17:26:27 GMT" time="97.360" errors="0">
  <testcase name="feature" time="97.360" classname="com.bbc.runner.RegisterBBCRunner"/>
</testsuite> <!-- com.bbc.runner.RegisterBBCRunner -->
