<?xml version="1.0" encoding="UTF-8"?>
<!-- Generated by org.testng.reporters.JUnitReportReporter -->
<testsuite hostname="seetha" name="com.bbc.runner.SignInAndCommentArticleRunner" tests="1" failures="0" timestamp="15 Jul 2018 17:26:27 GMT" time="117.366" errors="0">
  <testcase name="feature" time="117.366" classname="com.bbc.runner.SignInAndCommentArticleRunner"/>
</testsuite> <!-- com.bbc.runner.SignInAndCommentArticleRunner -->
